0 info it worked if it ends with ok
1 verbose cli [
1 verbose cli   '/Users/xjonchri/.nvm/versions/node/v20.15.1/bin/node',
1 verbose cli   '/Users/xjonchri/node_modules/.bin/npm',
1 verbose cli   'run',
1 verbose cli   'api'
1 verbose cli ]
2 info using npm@2.15.12
3 info using node@v20.15.1
4 verbose run-script [ 'preapi', 'api', 'postapi' ]
5 info preapi apiClient@1.0.0
6 info api apiClient@1.0.0
7 verbose unsafe-perm in lifecycle true
8 info apiClient@1.0.0 Failed to exec api script
9 verbose stack Error: apiClient@1.0.0 api: `cd api; nodemon server.js`
9 verbose stack spawn ENOENT
9 verbose stack     at ChildProcess.<anonymous> (/Users/xjonchri/node_modules/npm/lib/utils/spawn.js:17:16)
9 verbose stack     at ChildProcess.emit (node:events:519:28)
9 verbose stack     at maybeClose (node:internal/child_process:1105:16)
9 verbose stack     at ChildProcess._handle.onexit (node:internal/child_process:305:5)
10 verbose pkgid apiClient@1.0.0
11 verbose cwd /Users/xjonchri/Desktop/WEB DEV/CRUDAPI
12 error Darwin 22.5.0
13 error argv "/Users/xjonchri/.nvm/versions/node/v20.15.1/bin/node" "/Users/xjonchri/node_modules/.bin/npm" "run" "api"
14 error node v20.15.1
15 error npm  v2.15.12
16 error file sh
17 error code ELIFECYCLE
18 error errno ENOENT
19 error syscall spawn
20 error apiClient@1.0.0 api: `cd api; nodemon server.js`
20 error spawn ENOENT
21 error Failed at the apiClient@1.0.0 api script 'cd api; nodemon server.js'.
21 error This is most likely a problem with the apiClient package,
21 error not with npm itself.
21 error Tell the author that this fails on your system:
21 error     cd api; nodemon server.js
21 error You can get information on how to open an issue for this project with:
21 error     npm bugs apiClient
21 error Or if that isn't available, you can get their info via:
21 error
21 error     npm owner ls apiClient
21 error There is likely additional logging output above.
22 verbose exit [ 1, true ]
